<?xml version="1.0" encoding="UTF-8"?>
<!-- Generated by org.testng.reporters.JUnitReportReporter -->
<testsuite skipped="0" hostname="DESKTOP-NVSP8IV" name="MavenTest" tests="2" failures="0" timestamp="27 ספט 2019 08:20:00 GMT" time="8.639" errors="0">
  <testcase name="test1" time="2.307" classname="MavenTest"/>
  <testcase name="test2" time="6.332" classname="MavenTest"/>
</testsuite> <!-- MavenTest -->
